<?xml version="1.0" encoding="UTF-8"?>
<testsuite name="test.ReservationTest" tests="3" skipped="0" failures="0" errors="0" timestamp="2024-05-09T15:08:51" hostname="Eldiss-MacBook-Pro.local" time="0.003">
  <properties/>
  <testcase name="testReservationInvalide()" classname="test.ReservationTest" time="0.0"/>
  <testcase name="testReservationValide()" classname="test.ReservationTest" time="0.001"/>
  <testcase name="testReservationNumberInvalidFormat()" classname="test.ReservationTest" time="0.001"/>
  <system-out><![CDATA[]]></system-out>
  <system-err><![CDATA[]]></system-err>
</testsuite>
