<?xml version="1.0" encoding="UTF-8"?>
<testsuite name="test.VilleTest" tests="3" skipped="0" failures="0" errors="0" timestamp="2024-05-09T15:08:51" hostname="Eldiss-MacBook-Pro.local" time="0.008">
  <properties/>
  <testcase name="testToString()" classname="test.VilleTest" time="0.003"/>
  <testcase name="testCreationVille()" classname="test.VilleTest" time="0.003"/>
  <testcase name="testAjouterAeroport()" classname="test.VilleTest" time="0.001"/>
  <system-out><![CDATA[]]></system-out>
  <system-err><![CDATA[]]></system-err>
</testsuite>
