<?xml version="1.0" encoding="UTF-8"?>
<testsuite name="test.EscaleTest" tests="4" skipped="0" failures="0" errors="0" timestamp="2024-05-09T15:08:51" hostname="Eldiss-MacBook-Pro.local" time="0.011">
  <properties/>
  <testcase name="testInfoOutput()" classname="test.EscaleTest" time="0.006"/>
  <testcase name="testEscaleExceeds24Hours()" classname="test.EscaleTest" time="0.001"/>
  <testcase name="testEscaleCreationSuccess()" classname="test.EscaleTest" time="0.001"/>
  <testcase name="testInvalidDepartureBeforeArrival()" classname="test.EscaleTest" time="0.001"/>
  <system-out><![CDATA[]]></system-out>
  <system-err><![CDATA[]]></system-err>
</testsuite>
