<?xml version="1.0" encoding="UTF-8"?>
<testsuite name="test.AeroportTest" tests="5" skipped="0" failures="0" errors="0" timestamp="2024-05-09T15:08:51" hostname="Eldiss-MacBook-Pro.local" time="0.03">
  <properties/>
  <testcase name="testGetVille()" classname="test.AeroportTest" time="0.011"/>
  <testcase name="testToString()" classname="test.AeroportTest" time="0.008"/>
  <testcase name="testGetCode()" classname="test.AeroportTest" time="0.001"/>
  <testcase name="testGetNom()" classname="test.AeroportTest" time="0.001"/>
  <testcase name="testSetVille()" classname="test.AeroportTest" time="0.001"/>
  <system-out><![CDATA[]]></system-out>
  <system-err><![CDATA[]]></system-err>
</testsuite>
