<?xml version="1.0" encoding="UTF-8"?>
<testsuite name="test.ClientTest" tests="6" skipped="0" failures="0" errors="0" timestamp="2024-05-09T15:08:51" hostname="Eldiss-MacBook-Pro.local" time="0.028">
  <properties/>
  <testcase name="testRemoveReservation()" classname="test.ClientTest" time="0.012"/>
  <testcase name="testToString()" classname="test.ClientTest" time="0.005"/>
  <testcase name="testClientReservation()" classname="test.ClientTest" time="0.003"/>
  <testcase name="testGetters()" classname="test.ClientTest" time="0.001"/>
  <testcase name="testReservationDateAfterFlightDeparture()" classname="test.ClientTest" time="0.002"/>
  <testcase name="testInvalidReservationNumber()" classname="test.ClientTest" time="0.001"/>
  <system-out><![CDATA[]]></system-out>
  <system-err><![CDATA[]]></system-err>
</testsuite>
