<?xml version="1.0" encoding="UTF-8"?>
<testsuite name="test.NumVolTest" tests="7" skipped="0" failures="0" errors="0" timestamp="2024-05-09T15:08:51" hostname="Eldiss-MacBook-Pro.local" time="0.01">
  <properties/>
  <testcase name="testNumVolInvalidFormatTooLong()" classname="test.NumVolTest" time="0.001"/>
  <testcase name="testToString()" classname="test.NumVolTest" time="0.001"/>
  <testcase name="testNumVolInvalidFormatTooShort()" classname="test.NumVolTest" time="0.001"/>
  <testcase name="testNumVolValid()" classname="test.NumVolTest" time="0.0"/>
  <testcase name="testNumVolInvalidStructure()" classname="test.NumVolTest" time="0.001"/>
  <testcase name="testNumVolInvalidCharacters()" classname="test.NumVolTest" time="0.001"/>
  <testcase name="testEqualsAndHashCode()" classname="test.NumVolTest" time="0.001"/>
  <system-out><![CDATA[]]></system-out>
  <system-err><![CDATA[]]></system-err>
</testsuite>
